\BOOKMARK [0][-]{chapter.1}{Introducci\363n}{}% 1
\BOOKMARK [1][-]{section.1.1}{Rob\363tica m\363vil}{chapter.1}% 2
\BOOKMARK [1][-]{section.1.2}{Robots Submarinos}{chapter.1}% 3
\BOOKMARK [1][-]{section.1.3}{ROS}{chapter.1}% 4
\BOOKMARK [1][-]{section.1.4}{Estructura de la memoria}{chapter.1}% 5
\BOOKMARK [0][-]{chapter.2}{Objetivos y Metodolog\355a}{}% 6
\BOOKMARK [1][-]{section.2.1}{Descripci\363n del problema y requisitos}{chapter.2}% 7
\BOOKMARK [1][-]{section.2.2}{Objetivo del proyecto}{chapter.2}% 8
\BOOKMARK [1][-]{section.2.3}{Metodolog\355a de desarrollo}{chapter.2}% 9
\BOOKMARK [1][-]{section.2.4}{Plan de trabajo}{chapter.2}% 10
\BOOKMARK [0][-]{chapter.3}{Plataforma OpenROV}{}% 11
\BOOKMARK [1][-]{section.3.1}{Robot Submarino OpenROV}{chapter.3}% 12
\BOOKMARK [1][-]{section.3.2}{Estructura y Montaje}{chapter.3}% 13
\BOOKMARK [2][-]{subsection.3.2.1}{Estructura de OpenROV}{section.3.2}% 14
\BOOKMARK [2][-]{subsection.3.2.2}{Tapas del ch\341sis}{section.3.2}% 15
\BOOKMARK [2][-]{subsection.3.2.3}{Electr\363nica}{section.3.2}% 16
\BOOKMARK [2][-]{subsection.3.2.4}{Enrutamiento}{section.3.2}% 17
\BOOKMARK [2][-]{subsection.3.2.5}{Final}{section.3.2}% 18
\BOOKMARK [1][-]{section.3.3}{Conectividad OpenROV}{chapter.3}% 19
\BOOKMARK [2][-]{subsection.3.3.1}{Dise\361o de Conectividad}{section.3.3}% 20
\BOOKMARK [2][-]{subsection.3.3.2}{Puesta a punto de los elementos}{section.3.3}% 21
\BOOKMARK [2][-]{subsection.3.3.3}{Web/Cockpit}{section.3.3}% 22
\BOOKMARK [2][-]{subsection.3.3.4}{Mantenimiento}{section.3.3}% 23
\BOOKMARK [2][-]{subsection.3.3.5}{Problemas}{section.3.3}% 24
\BOOKMARK [0][-]{chapter.4}{Integraci\363n de ROS en OpenROV}{}% 25
\BOOKMARK [1][-]{section.4.1}{Configuraci\363n del ROV}{chapter.4}% 26
\BOOKMARK [1][-]{section.4.2}{Configuraci\363n de ROS}{chapter.4}% 27
\BOOKMARK [1][-]{section.4.3}{Conexi\363n de ROS en OpenROV}{chapter.4}% 28
\BOOKMARK [0][-]{chapter.5}{Pruebas de Campo}{}% 29
\BOOKMARK [0][-]{chapter.6}{Conclusiones}{}% 30
